2022-11-24 10:16:00,584 - [line:125] - INFO: schedule download...
2022-11-24 10:16:00,609 - [line:81] - INFO: last record timestamp: []
2022-11-24 10:16:00,611 - [line:89] - INFO: star timestamp: 1668996960610
2022-11-24 10:16:00,754 - [line:107] - INFO: ETHBTC is downloading.
2022-11-24 10:16:00,872 - [line:107] - INFO: BNBBTC is downloading.
2022-11-24 10:16:00,989 - [line:107] - INFO: XRPBTC is downloading.
2022-11-24 10:16:01,111 - [line:107] - INFO: DOGEBTC is downloading.
2022-11-24 10:16:01,253 - [line:107] - INFO: ADABTC is downloading.
2022-11-24 10:16:01,481 - [line:107] - INFO: MATICBTC is downloading.
2022-11-24 10:16:01,696 - [line:107] - INFO: DOTBTC is downloading.
2022-11-24 10:16:01,917 - [line:107] - INFO: LTCBTC is downloading.
2022-11-24 10:16:02,029 - [line:107] - INFO: SOLBTC is downloading.
2022-11-24 10:16:02,267 - [line:107] - INFO: TRXBTC is downloading.
2022-11-24 10:16:02,431 - [line:107] - INFO: UNIBTC is downloading.
2022-11-24 10:16:02,665 - [line:107] - INFO: AVAXBTC is downloading.
2022-11-24 10:16:02,773 - [line:107] - INFO: WBTCBTC is downloading.
2022-11-24 10:16:02,992 - [line:107] - INFO: LINKBTC is downloading.
2022-11-24 10:16:03,108 - [line:107] - INFO: ATOMBTC is downloading.
2022-11-24 10:16:03,251 - [line:107] - INFO: ETCBTC is downloading.
2022-11-24 10:16:03,368 - [line:107] - INFO: XMRBTC is downloading.
2022-11-24 10:16:03,497 - [line:107] - INFO: XLMBTC is downloading.
2022-11-24 10:16:03,729 - [line:107] - INFO: BCHBTC is downloading.
2022-11-24 10:16:03,849 - [line:107] - INFO: ALGOBTC is downloading.
2022-11-24 10:16:03,975 - [line:107] - INFO: FILBTC is downloading.
2022-11-24 10:16:04,078 - [line:107] - INFO: NEARBTC is downloading.
2022-11-24 10:16:04,226 - [line:107] - INFO: VETBTC is downloading.
2022-11-24 10:16:04,330 - [line:107] - INFO: QNTBTC is downloading.
2022-11-24 10:16:04,455 - [line:107] - INFO: APEBTC is downloading.
2022-11-24 10:16:04,561 - [line:107] - INFO: FLOWBTC is downloading.
2022-11-24 10:16:04,667 - [line:107] - INFO: HBARBTC is downloading.
2022-11-24 10:16:04,793 - [line:107] - INFO: CHZBTC is downloading.
2022-11-24 10:16:04,923 - [line:107] - INFO: ICPBTC is downloading.
2022-11-24 10:16:05,036 - [line:107] - INFO: EGLDBTC is downloading.
2022-11-24 10:16:05,145 - [line:107] - INFO: EOSBTC is downloading.
2022-11-24 10:16:05,262 - [line:107] - INFO: XTZBTC is downloading.
2022-11-24 10:16:05,363 - [line:107] - INFO: TWTBTC is downloading.
2022-11-24 10:16:05,464 - [line:107] - INFO: THETABTC is downloading.
2022-11-24 10:16:05,581 - [line:107] - INFO: SANDBTC is downloading.
2022-11-24 10:16:05,680 - [line:107] - INFO: AAVEBTC is downloading.
2022-11-24 10:16:05,785 - [line:107] - INFO: MANABTC is downloading.
2022-11-24 10:16:05,902 - [line:107] - INFO: ZECBTC is downloading.
2022-11-24 10:16:06,018 - [line:107] - INFO: AXSBTC is downloading.
2022-11-24 10:16:06,240 - [line:107] - INFO: MKRBTC is downloading.
2022-11-24 10:16:06,361 - [line:107] - INFO: IOTABTC is downloading.
2022-11-24 10:16:06,480 - [line:107] - INFO: APTBTC is downloading.
2022-11-24 10:16:06,616 - [line:107] - INFO: CAKEBTC is downloading.
2022-11-24 10:16:06,735 - [line:107] - INFO: PAXGBTC is downloading.
2022-11-24 10:16:06,853 - [line:107] - INFO: KLAYBTC is downloading.
2022-11-24 10:16:06,970 - [line:107] - INFO: SNXBTC is downloading.
2022-11-24 10:16:07,088 - [line:107] - INFO: NEOBTC is downloading.
2022-11-24 10:16:07,207 - [line:107] - INFO: FTMBTC is downloading.
2022-11-24 10:16:07,358 - [line:107] - INFO: DASHBTC is downloading.
2022-11-24 10:16:07,472 - [line:107] - INFO: BNXBTC is downloading.
2022-11-24 10:16:07,609 - [line:107] - INFO: GRTBTC is downloading.
2022-11-24 10:16:07,733 - [line:107] - INFO: MINABTC is downloading.
2022-11-24 10:16:07,858 - [line:107] - INFO: NEXOBTC is downloading.
2022-11-24 10:16:07,973 - [line:107] - INFO: RUNEBTC is downloading.
2022-11-24 10:16:08,134 - [line:107] - INFO: LDOBTC is downloading.
2022-11-24 10:16:08,253 - [line:107] - INFO: CRVBTC is downloading.
2022-11-24 10:16:08,397 - [line:107] - INFO: BATBTC is downloading.
2022-11-24 10:16:08,541 - [line:107] - INFO: GMXBTC is downloading.
2022-11-24 10:16:08,677 - [line:107] - INFO: 1INCHBTC is downloading.
2022-11-24 10:16:08,784 - [line:107] - INFO: ARBTC is downloading.
2022-11-24 10:16:08,884 - [line:107] - INFO: LRCBTC is downloading.
2022-11-24 10:16:09,017 - [line:107] - INFO: ZILBTC is downloading.
2022-11-24 10:16:09,135 - [line:107] - INFO: STXBTC is downloading.
2022-11-24 10:16:09,261 - [line:107] - INFO: IMXBTC is downloading.
2022-11-24 10:16:09,381 - [line:107] - INFO: CVXBTC is downloading.
2022-11-24 10:16:09,513 - [line:107] - INFO: ENJBTC is downloading.
2022-11-24 10:16:09,660 - [line:107] - INFO: XEMBTC is downloading.
2022-11-24 10:16:09,758 - [line:107] - INFO: DCRBTC is downloading.
2022-11-24 10:16:09,894 - [line:107] - INFO: KAVABTC is downloading.
2022-11-24 10:16:10,041 - [line:107] - INFO: OSMOBTC is downloading.
2022-11-24 10:16:10,155 - [line:107] - INFO: COMPBTC is downloading.
2022-11-24 10:16:10,280 - [line:107] - INFO: ROSEBTC is downloading.
2022-11-24 10:16:10,390 - [line:107] - INFO: RVNBTC is downloading.
2022-11-24 10:16:10,513 - [line:107] - INFO: ENSBTC is downloading.
2022-11-24 10:16:10,642 - [line:107] - INFO: BALBTC is downloading.
2022-11-24 10:16:10,787 - [line:107] - INFO: TFUELBTC is downloading.
2022-11-24 10:16:10,895 - [line:107] - INFO: WAVESBTC is downloading.
2022-11-24 10:16:10,998 - [line:107] - INFO: CELOBTC is downloading.
2022-11-24 10:16:11,143 - [line:107] - INFO: GMTBTC is downloading.
2022-11-24 10:16:11,263 - [line:107] - INFO: IOTXBTC is downloading.
2022-11-24 10:16:11,388 - [line:107] - INFO: YFIBTC is downloading.
2022-11-24 10:16:11,514 - [line:107] - INFO: ANKRBTC is downloading.
2022-11-24 10:16:11,646 - [line:107] - INFO: QTUMBTC is downloading.
2022-11-24 10:16:11,771 - [line:107] - INFO: KSMBTC is downloading.
2022-11-24 10:16:11,904 - [line:107] - INFO: GLMBTC is downloading.
2022-11-24 10:16:12,024 - [line:107] - INFO: OPBTC is downloading.
2022-11-24 10:16:12,144 - [line:107] - INFO: JSTBTC is downloading.
2022-11-24 10:16:12,297 - [line:107] - INFO: ONEBTC is downloading.
2022-11-24 10:16:12,427 - [line:107] - INFO: KDABTC is downloading.
2022-11-24 10:16:12,561 - [line:107] - INFO: LPTBTC is downloading.
2022-11-24 10:16:12,703 - [line:107] - INFO: GALABTC is downloading.
2022-11-24 10:16:12,853 - [line:107] - INFO: HIVEBTC is downloading.
2022-11-24 10:16:12,999 - [line:107] - INFO: ZRXBTC is downloading.
2022-11-24 10:16:13,117 - [line:107] - INFO: OMGBTC is downloading.
2022-11-24 10:16:13,258 - [line:107] - INFO: IOSTBTC is downloading.
2022-11-24 10:16:13,376 - [line:107] - INFO: ONTBTC is downloading.
2022-11-24 10:16:13,514 - [line:107] - INFO: GLMRBTC is downloading.
2022-11-24 10:16:13,645 - [line:107] - INFO: ICXBTC is downloading.
2022-11-24 10:16:13,787 - [line:107] - INFO: ASTRBTC is downloading.
2022-11-24 10:16:13,898 - [line:107] - INFO: SUSHIBTC is downloading.
2022-11-24 10:16:14,025 - [line:107] - INFO: AMPBTC is downloading.
2022-11-24 10:16:14,148 - [line:107] - INFO: WAXPBTC is downloading.
2022-11-24 10:16:14,282 - [line:107] - INFO: AUDIOBTC is downloading.
2022-11-24 10:16:14,403 - [line:107] - INFO: STORJBTC is downloading.
2022-11-24 10:16:14,523 - [line:107] - INFO: WOOBTC is downloading.
2022-11-24 10:16:14,756 - [line:107] - INFO: XNOBTC is downloading.
2022-11-24 10:16:14,871 - [line:107] - INFO: DYDXBTC is downloading.
2022-11-24 10:16:14,998 - [line:107] - INFO: FLUXBTC is downloading.
2022-11-24 10:16:15,136 - [line:107] - INFO: ZENBTC is downloading.
2022-11-24 10:16:15,263 - [line:107] - INFO: INJBTC is downloading.
2022-11-24 10:16:15,369 - [line:107] - INFO: PEOPLEBTC is downloading.
2022-11-24 10:16:15,479 - [line:107] - INFO: RNDRBTC is downloading.
2022-11-24 10:16:15,601 - [line:107] - INFO: SXPBTC is downloading.
2022-11-24 10:16:15,755 - [line:107] - INFO: DGBBTC is downloading.
2022-11-24 10:16:15,875 - [line:107] - INFO: UMABTC is downloading.
2022-11-24 10:16:16,007 - [line:107] - INFO: SCRTBTC is downloading.
2022-11-24 10:16:16,140 - [line:107] - INFO: KNCBTC is downloading.
2022-11-24 10:16:16,261 - [line:107] - INFO: SSVBTC is downloading.
2022-11-24 10:16:16,387 - [line:107] - INFO: LSKBTC is downloading.
2022-11-24 10:16:16,497 - [line:107] - INFO: SKLBTC is downloading.
2022-11-24 10:16:16,647 - [line:107] - INFO: PLABTC is downloading.
2022-11-24 10:16:16,778 - [line:107] - INFO: CVCBTC is downloading.
2022-11-24 10:16:16,893 - [line:107] - INFO: RLCBTC is downloading.
2022-11-24 10:16:17,034 - [line:107] - INFO: REQBTC is downloading.
2022-11-24 10:16:17,186 - [line:107] - INFO: CELRBTC is downloading.
2022-11-24 10:16:17,320 - [line:107] - INFO: ONGBTC is downloading.
2022-11-24 10:16:17,448 - [line:107] - INFO: BTCSTBTC is downloading.
2022-11-24 10:16:17,599 - [line:107] - INFO: API3BTC is downloading.
2022-11-24 10:16:17,719 - [line:107] - INFO: SNTBTC is downloading.
2022-11-24 10:16:17,929 - [line:107] - INFO: COTIBTC is downloading.
2022-11-24 10:16:18,203 - [line:107] - INFO: MDXBTC is downloading.
2022-11-24 10:16:18,472 - [line:107] - INFO: SYSBTC is downloading.
2022-11-24 10:16:18,627 - [line:107] - INFO: PYRBTC is downloading.
2022-11-24 10:16:18,875 - [line:107] - INFO: OCEANBTC is downloading.
2022-11-24 10:16:19,128 - [line:107] - INFO: ANTBTC is downloading.
2022-11-24 10:16:19,276 - [line:107] - INFO: HFTBTC is downloading.
2022-11-24 10:16:19,530 - [line:107] - INFO: SRMBTC is downloading.
2022-11-24 10:16:19,703 - [line:107] - INFO: RENBTC is downloading.
2022-11-24 10:16:19,841 - [line:107] - INFO: POWRBTC is downloading.
2022-11-24 10:16:19,964 - [line:107] - INFO: ARDRBTC is downloading.
2022-11-24 10:16:20,085 - [line:107] - INFO: STEEMBTC is downloading.
2022-11-24 10:16:20,211 - [line:107] - INFO: BNTBTC is downloading.
2022-11-24 10:16:20,345 - [line:107] - INFO: FXSBTC is downloading.
2022-11-24 10:16:20,486 - [line:107] - INFO: PROMBTC is downloading.
2022-11-24 10:16:20,629 - [line:107] - INFO: STRAXBTC is downloading.
2022-11-24 10:16:20,746 - [line:107] - INFO: ILVBTC is downloading.
2022-11-24 10:16:20,873 - [line:107] - INFO: ACABTC is downloading.
2022-11-24 10:16:20,992 - [line:107] - INFO: CTSIBTC is downloading.
2022-11-24 10:16:21,122 - [line:107] - INFO: LOOMBTC is downloading.
2022-11-24 10:16:21,267 - [line:107] - INFO: BICOBTC is downloading.
2022-11-24 10:16:21,420 - [line:107] - INFO: CTKBTC is downloading.
2022-11-24 10:16:21,544 - [line:107] - INFO: NMRBTC is downloading.
2022-11-24 10:16:21,696 - [line:107] - INFO: STPTBTC is downloading.
2022-11-24 10:16:21,835 - [line:107] - INFO: ELFBTC is downloading.
2022-11-24 10:16:21,973 - [line:107] - INFO: CHRBTC is downloading.
2022-11-24 10:16:22,113 - [line:107] - INFO: PHABTC is downloading.
2022-11-24 10:16:22,250 - [line:107] - INFO: WRXBTC is downloading.
2022-11-24 10:16:22,394 - [line:107] - INFO: REPBTC is downloading.
2022-11-24 10:16:22,514 - [line:107] - INFO: BANDBTC is downloading.
2022-11-24 10:16:22,661 - [line:107] - INFO: CFXBTC is downloading.
2022-11-24 10:16:22,797 - [line:107] - INFO: POLYXBTC is downloading.
2022-11-24 10:16:22,941 - [line:107] - INFO: QKCBTC is downloading.
2022-11-24 10:16:23,074 - [line:107] - INFO: STGBTC is downloading.
2022-11-24 10:16:23,225 - [line:107] - INFO: NKNBTC is downloading.
2022-11-24 10:16:23,362 - [line:107] - INFO: OXTBTC is downloading.
2022-11-24 10:16:23,499 - [line:107] - INFO: RADBTC is downloading.
2022-11-24 10:16:23,642 - [line:107] - INFO: JOEBTC is downloading.
2022-11-24 10:16:23,781 - [line:107] - INFO: STMXBTC is downloading.
2022-11-24 10:16:23,918 - [line:107] - INFO: SFPBTC is downloading.
2022-11-24 10:16:24,061 - [line:107] - INFO: GALBTC is downloading.
2022-11-24 10:16:24,184 - [line:107] - INFO: C98BTC is downloading.
2022-11-24 10:16:24,323 - [line:107] - INFO: OGNBTC is downloading.
2022-11-24 10:16:24,462 - [line:107] - INFO: MTLBTC is downloading.
2022-11-24 10:16:24,583 - [line:107] - INFO: DODOBTC is downloading.
2022-11-24 10:16:24,726 - [line:107] - INFO: AGIXBTC is downloading.
2022-11-24 10:16:24,858 - [line:107] - INFO: LAZIOBTC is downloading.
2022-11-24 10:16:25,003 - [line:107] - INFO: BETABTC is downloading.
2022-11-24 10:16:25,152 - [line:107] - INFO: ACHBTC is downloading.
2022-11-24 10:16:25,303 - [line:107] - INFO: YFIIBTC is downloading.
2022-11-24 10:16:25,445 - [line:107] - INFO: XVSBTC is downloading.
2022-11-24 10:16:25,606 - [line:107] - INFO: MOVRBTC is downloading.
2022-11-24 10:16:25,744 - [line:107] - INFO: AERGOBTC is downloading.
2022-11-24 10:16:25,888 - [line:107] - INFO: FETBTC is downloading.
2022-11-24 10:16:26,016 - [line:107] - INFO: UTKBTC is downloading.
2022-11-24 10:16:26,157 - [line:107] - INFO: MOBBTC is downloading.
2022-11-24 10:16:26,299 - [line:107] - INFO: FORTHBTC is downloading.
2022-11-24 10:16:26,424 - [line:107] - INFO: PONDBTC is downloading.
2022-11-24 10:16:26,571 - [line:107] - INFO: ARKBTC is downloading.
2022-11-24 10:16:26,702 - [line:107] - INFO: MLNBTC is downloading.
2022-11-24 10:16:26,820 - [line:107] - INFO: TLMBTC is downloading.
2022-11-24 10:16:26,967 - [line:107] - INFO: ALPHABTC is downloading.
2022-11-24 10:16:27,099 - [line:107] - INFO: SUPERBTC is downloading.
2022-11-24 10:16:27,216 - [line:107] - INFO: VIDTBTC is downloading.
2022-11-24 10:16:27,363 - [line:107] - INFO: MBOXBTC is downloading.
2022-11-24 10:16:27,481 - [line:107] - INFO: ALICEBTC is downloading.
2022-11-24 10:16:27,606 - [line:107] - INFO: BONDBTC is downloading.
2022-11-24 10:16:27,723 - [line:107] - INFO: PERPBTC is downloading.
2022-11-24 10:16:27,866 - [line:107] - INFO: DUSKBTC is downloading.
2022-11-24 10:16:28,012 - [line:107] - INFO: BAKEBTC is downloading.
2022-11-24 10:16:28,151 - [line:107] - INFO: SNMBTC is downloading.
2022-11-24 10:16:28,307 - [line:107] - INFO: RIFBTC is downloading.
2022-11-24 10:16:28,428 - [line:107] - INFO: POLSBTC is downloading.
2022-11-24 10:16:28,567 - [line:107] - INFO: ARPABTC is downloading.
2022-11-24 10:16:28,718 - [line:107] - INFO: ALPACABTC is downloading.
2022-11-24 10:16:28,845 - [line:107] - INFO: SANTOSBTC is downloading.
2022-11-24 10:16:29,012 - [line:107] - INFO: BADGERBTC is downloading.
2022-11-24 10:16:29,198 - [line:107] - INFO: PORTOBTC is downloading.
2022-11-24 10:16:29,414 - [line:107] - INFO: IDEXBTC is downloading.
2022-11-24 10:16:29,560 - [line:107] - INFO: QIBTC is downloading.
2022-11-24 10:16:29,689 - [line:107] - INFO: NEBLBTC is downloading.
2022-11-24 10:16:29,826 - [line:107] - INFO: AVABTC is downloading.
2022-11-24 10:16:29,964 - [line:107] - INFO: ORNBTC is downloading.
2022-11-24 10:16:30,100 - [line:107] - INFO: LTOBTC is downloading.
2022-11-24 10:16:30,244 - [line:107] - INFO: ALPINEBTC is downloading.
2022-11-24 10:16:30,389 - [line:107] - INFO: AUCTIONBTC is downloading.
2022-11-24 10:16:30,506 - [line:107] - INFO: TOMOBTC is downloading.
2022-11-24 10:16:30,645 - [line:107] - INFO: DIABTC is downloading.
2022-11-24 10:16:30,788 - [line:107] - INFO: WANBTC is downloading.
2022-11-24 10:16:30,918 - [line:107] - INFO: LITBTC is downloading.
2022-11-24 10:16:31,055 - [line:107] - INFO: DARBTC is downloading.
2022-11-24 10:16:31,191 - [line:107] - INFO: ALCXBTC is downloading.
2022-11-24 10:16:31,348 - [line:107] - INFO: CLVBTC is downloading.
2022-11-24 10:16:31,471 - [line:107] - INFO: LINABTC is downloading.
2022-11-24 10:16:31,605 - [line:107] - INFO: TKOBTC is downloading.
2022-11-24 10:16:31,729 - [line:107] - INFO: YGGBTC is downloading.
2022-11-24 10:16:31,858 - [line:107] - INFO: KMDBTC is downloading.
2022-11-24 10:16:31,996 - [line:107] - INFO: TRBBTC is downloading.
2022-11-24 10:16:32,151 - [line:107] - INFO: FLMBTC is downloading.
2022-11-24 10:16:32,292 - [line:107] - INFO: GTCBTC is downloading.
2022-11-24 10:16:32,440 - [line:107] - INFO: BTSBTC is downloading.
2022-11-24 10:16:32,635 - [line:107] - INFO: PHBBTC is downloading.
2022-11-24 10:16:32,778 - [line:107] - INFO: TVKBTC is downloading.
2022-11-24 10:16:32,926 - [line:107] - INFO: UNFIBTC is downloading.
2022-11-24 10:16:33,060 - [line:107] - INFO: NULSBTC is downloading.
2022-11-24 10:16:33,228 - [line:107] - INFO: HARDBTC is downloading.
2022-11-24 10:16:33,382 - [line:107] - INFO: GASBTC is downloading.
2022-11-24 10:16:33,530 - [line:107] - INFO: FIDABTC is downloading.
2022-11-24 10:16:33,693 - [line:107] - INFO: PSGBTC is downloading.
2022-11-24 10:16:33,826 - [line:107] - INFO: BLZBTC is downloading.
2022-11-24 10:16:33,999 - [line:107] - INFO: BELBTC is downloading.
2022-11-24 10:16:34,205 - [line:107] - INFO: TRUBTC is downloading.
2022-11-24 10:16:34,369 - [line:107] - INFO: DATABTC is downloading.
2022-11-24 10:16:34,521 - [line:107] - INFO: FARMBTC is downloading.
2022-11-24 10:16:34,670 - [line:107] - INFO: FIOBTC is downloading.
2022-11-24 10:16:34,833 - [line:107] - INFO: BARBTC is downloading.
2022-11-24 10:16:34,989 - [line:107] - INFO: FIROBTC is downloading.
2022-11-24 10:16:35,128 - [line:107] - INFO: IRISBTC is downloading.
2022-11-24 10:16:35,276 - [line:107] - INFO: CHESSBTC is downloading.
2022-11-24 10:16:35,420 - [line:107] - INFO: COSBTC is downloading.
2022-11-24 10:16:35,574 - [line:107] - INFO: JASMYBTC is downloading.
2022-11-24 10:16:35,738 - [line:107] - INFO: ATABTC is downloading.
2022-11-24 10:16:35,889 - [line:107] - INFO: ANCBTC is downloading.
2022-11-24 10:16:36,033 - [line:107] - INFO: WINGBTC is downloading.
2022-11-24 10:16:36,205 - [line:107] - INFO: MCBTC is downloading.
2022-11-24 10:16:36,366 - [line:107] - INFO: CITYBTC is downloading.
2022-11-24 10:16:36,513 - [line:107] - INFO: ADXBTC is downloading.
2022-11-24 10:16:36,663 - [line:107] - INFO: OMBTC is downloading.
2022-11-24 10:16:36,819 - [line:107] - INFO: AGLDBTC is downloading.
2022-11-24 10:16:36,962 - [line:107] - INFO: VOXELBTC is downloading.
2022-11-24 10:16:37,125 - [line:107] - INFO: CTXCBTC is downloading.
2022-11-24 10:16:37,274 - [line:107] - INFO: WTCBTC is downloading.
2022-11-24 10:16:37,441 - [line:107] - INFO: FISBTC is downloading.
2022-11-24 10:16:37,607 - [line:107] - INFO: FRONTBTC is downloading.
2022-11-24 10:16:37,774 - [line:107] - INFO: QUICKBTC is downloading.
2022-11-24 10:16:37,910 - [line:107] - INFO: ASTBTC is downloading.
2022-11-24 10:16:38,068 - [line:107] - INFO: AMBBTC is downloading.
2022-11-24 10:16:38,224 - [line:107] - INFO: PIVXBTC is downloading.
2022-11-24 10:16:38,382 - [line:107] - INFO: BEAMBTC is downloading.
2022-11-24 10:16:38,562 - [line:107] - INFO: VITEBTC is downloading.
2022-11-24 10:16:38,719 - [line:107] - INFO: MDTBTC is downloading.
2022-11-24 10:16:38,878 - [line:107] - INFO: MITHBTC is downloading.
2022-11-24 10:16:39,021 - [line:107] - INFO: AIONBTC is downloading.
2022-11-24 10:16:39,222 - [line:107] - INFO: HIGHBTC is downloading.
2022-11-24 10:16:39,383 - [line:107] - INFO: VIBBTC is downloading.
2022-11-24 10:16:39,525 - [line:107] - INFO: DOCKBTC is downloading.
2022-11-24 10:16:39,675 - [line:107] - INFO: RAREBTC is downloading.
2022-11-24 10:16:39,825 - [line:107] - INFO: GTOBTC is downloading.
2022-11-24 10:16:40,008 - [line:107] - INFO: DEGOBTC is downloading.
2022-11-24 10:16:40,196 - [line:107] - INFO: AUTOBTC is downloading.
2022-11-24 10:16:40,338 - [line:107] - INFO: DREPBTC is downloading.
2022-11-24 10:16:40,515 - [line:107] - INFO: PNTBTC is downloading.
2022-11-24 10:16:40,671 - [line:107] - INFO: OAXBTC is downloading.
2022-11-24 10:16:40,824 - [line:107] - INFO: MIRBTC is downloading.
2022-11-24 10:16:40,969 - [line:107] - INFO: JUVBTC is downloading.
2022-11-24 10:16:41,136 - [line:107] - INFO: ACMBTC is downloading.
2022-11-24 10:16:41,302 - [line:107] - INFO: PERLBTC is downloading.
2022-11-24 10:16:41,447 - [line:107] - INFO: FORBTC is downloading.
2022-11-24 10:16:41,597 - [line:107] - INFO: WABIBTC is downloading.
2022-11-24 10:16:41,763 - [line:107] - INFO: LOKABTC is downloading.
2022-11-24 10:16:41,912 - [line:107] - INFO: ATMBTC is downloading.
2022-11-24 10:16:42,088 - [line:107] - INFO: QLCBTC is downloading.
2022-11-24 10:16:42,253 - [line:107] - INFO: TORNBTC is downloading.
2022-11-24 10:16:42,400 - [line:107] - INFO: ASRBTC is downloading.
2022-11-24 10:16:42,558 - [line:107] - INFO: OGBTC is downloading.
2022-11-24 10:17:07,227 - [line:57] - INFO: select Timestamp,ETHBTC,BNBBTC,XRPBTC,DOGEBTC,ADABTC,MATICBTC,DOTBTC,LTCBTC,SOLBTC,TRXBTC,UNIBTC,AVAXBTC,WBTCBTC,LINKBTC,ATOMBTC,ETCBTC,XMRBTC,XLMBTC,BCHBTC,ALGOBTC,FILBTC,NEARBTC,VETBTC,QNTBTC,APEBTC,FLOWBTC,HBARBTC,CHZBTC,ICPBTC,EGLDBTC,EOSBTC,XTZBTC,TWTBTC,THETABTC,SANDBTC,AAVEBTC,MANABTC,ZECBTC,AXSBTC,MKRBTC,IOTABTC,CAKEBTC,APTBTC,PAXGBTC,KLAYBTC,SNXBTC,NEOBTC,FTMBTC,DASHBTC,BNXBTC,GRTBTC,MINABTC,NEXOBTC,RUNEBTC,LDOBTC,CRVBTC,BATBTC,GMXBTC,LRCBTC from coin_table order by Timestamp limit 50
2022-11-24 10:21:38,853 - [line:57] - INFO: select Timestamp,ETHBTC,BNBBTC,XRPBTC,ADABTC,DOGEBTC,MATICBTC,DOTBTC,LTCBTC,SOLBTC,TRXBTC,UNIBTC,AVAXBTC,WBTCBTC,LINKBTC,ATOMBTC,ETCBTC,XMRBTC,XLMBTC,BCHBTC,ALGOBTC,FILBTC,NEARBTC,VETBTC,QNTBTC,APEBTC,FLOWBTC,HBARBTC,CHZBTC,ICPBTC,EGLDBTC,EOSBTC,XTZBTC,TWTBTC,THETABTC,SANDBTC,AAVEBTC,MANABTC,ZECBTC,AXSBTC,MKRBTC,IOTABTC,APTBTC,CAKEBTC,PAXGBTC,KLAYBTC,SNXBTC,NEOBTC,FTMBTC,DASHBTC,BNXBTC,GRTBTC,MINABTC,RUNEBTC,NEXOBTC,LDOBTC,CRVBTC,BATBTC,GMXBTC,ARBTC from coin_table order by Timestamp
2022-11-24 10:36:16,346 - [line:57] - INFO: select * from (select Timestamp,ETHBTC,BNBBTC,XRPBTC,ADABTC,DOGEBTC,MATICBTC,DOTBTC,LTCBTC,SOLBTC,TRXBTC,UNIBTC,AVAXBTC,WBTCBTC,LINKBTC,ATOMBTC,ETCBTC,XMRBTC,XLMBTC,BCHBTC,ALGOBTC,FILBTC,NEARBTC,VETBTC,QNTBTC,APEBTC,FLOWBTC,HBARBTC,CHZBTC,ICPBTC,EGLDBTC,EOSBTC,XTZBTC,TWTBTC,THETABTC,SANDBTC,AAVEBTC,MANABTC,ZECBTC,AXSBTC,MKRBTC,IOTABTC,APTBTC,CAKEBTC,KLAYBTC,PAXGBTC,SNXBTC,NEOBTC,FTMBTC,DASHBTC,BNXBTC,GRTBTC,MINABTC,NEXOBTC,RUNEBTC,LDOBTC,CRVBTC,GMXBTC,BATBTC,LRCBTC from coin_table order by Timestamp desc limit 100) order by Timestamp
2022-11-24 10:36:36,597 - [line:57] - INFO: select * from (select Timestamp,ARBTC,ZILBTC,STXBTC,CVXBTC,XEMBTC,IMXBTC,ENJBTC,DCRBTC,KAVABTC,OSMOBTC,COMPBTC,RVNBTC,ROSEBTC,ENSBTC,BALBTC,WAVESBTC,TFUELBTC,CELOBTC,GMTBTC,IOTXBTC,ANKRBTC,YFIBTC,QTUMBTC,KSMBTC,GLMBTC,OPBTC,JSTBTC,ONEBTC,LPTBTC,KDABTC,GALABTC,HIVEBTC,ZRXBTC,OMGBTC,IOSTBTC,ONTBTC,GLMRBTC,ICXBTC,ASTRBTC,AMPBTC,SUSHIBTC,WAXPBTC,XNOBTC,AUDIOBTC,STORJBTC,WOOBTC,DYDXBTC,FLUXBTC,ZENBTC,INJBTC,PEOPLEBTC,RNDRBTC,SXPBTC,DGBBTC,UMABTC,SCRTBTC,KNCBTC,SSVBTC,PLABTC from coin_table order by Timestamp desc limit 100) order by Timestamp
2022-11-24 10:36:41,651 - [line:57] - INFO: select * from (select Timestamp,SKLBTC,LSKBTC,CVCBTC,RLCBTC,REQBTC,CELRBTC,ONGBTC,BTCSTBTC,API3BTC,SNTBTC,COTIBTC,MDXBTC,PYRBTC,SYSBTC,SRMBTC,ANTBTC,OCEANBTC,HFTBTC,RENBTC,POWRBTC,ARDRBTC,STEEMBTC,BNTBTC,FXSBTC,ACABTC,PROMBTC,STRAXBTC,ILVBTC,CTSIBTC,LOOMBTC,BICOBTC,STPTBTC,CTKBTC,NMRBTC,ELFBTC,CHRBTC,PHABTC,REPBTC,WRXBTC,QKCBTC,POLYXBTC,CFXBTC,BANDBTC,STGBTC,NKNBTC,OXTBTC,RADBTC,JOEBTC,STMXBTC,SFPBTC,C98BTC,GALBTC,OGNBTC,MTLBTC,DODOBTC,AGIXBTC,ACHBTC,LAZIOBTC,BETABTC from coin_table order by Timestamp desc limit 100) order by Timestamp
2022-11-24 10:36:50,978 - [line:57] - INFO: select * from (select Timestamp,YFIIBTC,XVSBTC,MOVRBTC,AERGOBTC,FETBTC,UTKBTC,MOBBTC,FORTHBTC,PONDBTC,ARKBTC,MLNBTC,TLMBTC,ALPHABTC,SUPERBTC,VIDTBTC,MBOXBTC,PERPBTC,ALICEBTC,BONDBTC,DUSKBTC,BAKEBTC,SNMBTC,RIFBTC,POLSBTC,ARPABTC,SANTOSBTC,ALPACABTC,BADGERBTC,PORTOBTC,IDEXBTC,NEBLBTC,AVABTC,ORNBTC,LTOBTC,QIBTC,ALPINEBTC,AUCTIONBTC,TOMOBTC,DIABTC,LITBTC,WANBTC,DARBTC,ALCXBTC,CLVBTC,LINABTC,TKOBTC,YGGBTC,KMDBTC,TRBBTC,FLMBTC,BTSBTC,GTCBTC,PHBBTC,TVKBTC,UNFIBTC,FIDABTC,NULSBTC,HARDBTC,GASBTC from coin_table order by Timestamp desc limit 100) order by Timestamp
2022-11-24 10:36:55,899 - [line:57] - INFO: select * from (select Timestamp,PSGBTC,BLZBTC,BELBTC,TRUBTC,FARMBTC,DATABTC,FIOBTC,FIROBTC,IRISBTC,BARBTC,COSBTC,CHESSBTC,JASMYBTC,ANCBTC,WINGBTC,ATABTC,CITYBTC,MCBTC,ADXBTC,OMBTC,AGLDBTC,VOXELBTC,CTXCBTC,WTCBTC,FRONTBTC,FISBTC,QUICKBTC,ASTBTC,AMBBTC,BEAMBTC,PIVXBTC,MDTBTC,VITEBTC,MITHBTC,AIONBTC,HIGHBTC,VIBBTC,DOCKBTC,RAREBTC,GTOBTC,DEGOBTC,AUTOBTC,DREPBTC,PNTBTC,OAXBTC,MIRBTC,JUVBTC,PERLBTC,ACMBTC,FORBTC,WABIBTC,LOKABTC,ATMBTC,QLCBTC,TORNBTC,ASRBTC,OGBTC from coin_table order by Timestamp desc limit 100) order by Timestamp
2022-11-24 10:37:35,121 - [line:57] - INFO: select * from (select Timestamp,ETHBTC,BNBBTC,XRPBTC,ADABTC,DOGEBTC,MATICBTC,DOTBTC,LTCBTC,SOLBTC,TRXBTC,UNIBTC,AVAXBTC,WBTCBTC,LINKBTC,ATOMBTC,ETCBTC,XMRBTC,XLMBTC,BCHBTC,ALGOBTC,FILBTC,NEARBTC,VETBTC,QNTBTC,APEBTC,FLOWBTC,HBARBTC,CHZBTC,ICPBTC,EGLDBTC,EOSBTC,XTZBTC,TWTBTC,THETABTC,SANDBTC,AAVEBTC,MANABTC,ZECBTC,AXSBTC,MKRBTC,IOTABTC,APTBTC,CAKEBTC,KLAYBTC,PAXGBTC,SNXBTC,NEOBTC,FTMBTC,DASHBTC,BNXBTC,GRTBTC,MINABTC,NEXOBTC,RUNEBTC,LDOBTC,CRVBTC,GMXBTC,BATBTC,LRCBTC from coin_table order by Timestamp desc limit 200) order by Timestamp
2022-11-24 10:51:49,879 - [line:57] - INFO: select * from (select Timestamp,ETHBTC,BNBBTC,XRPBTC,ADABTC,DOGEBTC,MATICBTC,DOTBTC,LTCBTC,SOLBTC,TRXBTC,UNIBTC,AVAXBTC,WBTCBTC,LINKBTC,ATOMBTC,ETCBTC,XMRBTC,XLMBTC,BCHBTC,ALGOBTC,FILBTC,NEARBTC,VETBTC,QNTBTC,APEBTC,FLOWBTC,HBARBTC,CHZBTC,ICPBTC,EGLDBTC,EOSBTC,XTZBTC,TWTBTC,THETABTC,SANDBTC,AAVEBTC,MANABTC,ZECBTC,AXSBTC,MKRBTC,IOTABTC,APTBTC,CAKEBTC,KLAYBTC,PAXGBTC,SNXBTC,NEOBTC,FTMBTC,DASHBTC,BNXBTC,GRTBTC,MINABTC,NEXOBTC,RUNEBTC,LDOBTC,CRVBTC,GMXBTC,BATBTC,LRCBTC from coin_table order by Timestamp desc limit 200) order by Timestamp
2022-11-24 11:01:41,019 - [line:57] - INFO: select * from (select Timestamp,ETHBTC,BNBBTC,XRPBTC,ADABTC,DOGEBTC,MATICBTC,DOTBTC,LTCBTC,SOLBTC,TRXBTC,UNIBTC,AVAXBTC,WBTCBTC,LINKBTC,ATOMBTC,ETCBTC,XMRBTC,XLMBTC,BCHBTC,ALGOBTC,FILBTC,NEARBTC,VETBTC,QNTBTC,APEBTC,FLOWBTC,HBARBTC,CHZBTC,ICPBTC,EGLDBTC,EOSBTC,XTZBTC,TWTBTC,THETABTC,SANDBTC,AAVEBTC,MANABTC,ZECBTC,AXSBTC,MKRBTC,IOTABTC,APTBTC,CAKEBTC,KLAYBTC,PAXGBTC,SNXBTC,NEOBTC,FTMBTC,DASHBTC,BNXBTC,GRTBTC,MINABTC,NEXOBTC,RUNEBTC,LDOBTC,CRVBTC,GMXBTC,BATBTC,LRCBTC from coin_table order by Timestamp desc limit 200) order by Timestamp
2022-11-24 11:01:50,984 - [line:57] - INFO: select * from (select Timestamp,ETHBTC,BNBBTC,XRPBTC,ADABTC,DOGEBTC,MATICBTC,DOTBTC,LTCBTC,SOLBTC,TRXBTC,UNIBTC,AVAXBTC,WBTCBTC,LINKBTC,ATOMBTC,ETCBTC,XMRBTC,XLMBTC,BCHBTC,ALGOBTC,FILBTC,NEARBTC,VETBTC,QNTBTC,APEBTC,FLOWBTC,HBARBTC,CHZBTC,ICPBTC,EGLDBTC,EOSBTC,XTZBTC,TWTBTC,THETABTC,SANDBTC,AAVEBTC,MANABTC,ZECBTC,AXSBTC,MKRBTC,IOTABTC,APTBTC,CAKEBTC,KLAYBTC,PAXGBTC,SNXBTC,NEOBTC,FTMBTC,DASHBTC,BNXBTC,GRTBTC,MINABTC,NEXOBTC,RUNEBTC,LDOBTC,CRVBTC,GMXBTC,BATBTC,LRCBTC from coin_table order by Timestamp desc limit 200) order by Timestamp
2022-11-24 11:02:01,003 - [line:57] - INFO: select * from (select Timestamp,ETHBTC,BNBBTC,XRPBTC,ADABTC,DOGEBTC,MATICBTC,DOTBTC,LTCBTC,SOLBTC,TRXBTC,UNIBTC,AVAXBTC,WBTCBTC,LINKBTC,ATOMBTC,ETCBTC,XMRBTC,XLMBTC,BCHBTC,ALGOBTC,FILBTC,NEARBTC,VETBTC,QNTBTC,APEBTC,FLOWBTC,HBARBTC,CHZBTC,ICPBTC,EGLDBTC,EOSBTC,XTZBTC,TWTBTC,THETABTC,SANDBTC,AAVEBTC,MANABTC,ZECBTC,AXSBTC,MKRBTC,IOTABTC,APTBTC,CAKEBTC,KLAYBTC,PAXGBTC,SNXBTC,NEOBTC,FTMBTC,DASHBTC,BNXBTC,GRTBTC,MINABTC,NEXOBTC,RUNEBTC,LDOBTC,CRVBTC,GMXBTC,BATBTC,LRCBTC from coin_table order by Timestamp desc limit 200) order by Timestamp
2022-11-24 11:02:01,599 - [line:57] - INFO: select * from (select Timestamp,ETHBTC,BNBBTC,XRPBTC,ADABTC,DOGEBTC,MATICBTC,DOTBTC,LTCBTC,SOLBTC,TRXBTC,UNIBTC,AVAXBTC,WBTCBTC,LINKBTC,ATOMBTC,ETCBTC,XMRBTC,XLMBTC,BCHBTC,ALGOBTC,FILBTC,NEARBTC,VETBTC,QNTBTC,APEBTC,FLOWBTC,HBARBTC,CHZBTC,ICPBTC,EGLDBTC,EOSBTC,XTZBTC,TWTBTC,THETABTC,SANDBTC,AAVEBTC,MANABTC,ZECBTC,AXSBTC,MKRBTC,IOTABTC,APTBTC,CAKEBTC,KLAYBTC,PAXGBTC,SNXBTC,NEOBTC,FTMBTC,DASHBTC,BNXBTC,GRTBTC,MINABTC,NEXOBTC,RUNEBTC,LDOBTC,CRVBTC,GMXBTC,BATBTC,LRCBTC from coin_table order by Timestamp desc limit 200) order by Timestamp
2022-11-24 11:02:10,979 - [line:57] - INFO: select * from (select Timestamp,ETHBTC,BNBBTC,XRPBTC,ADABTC,DOGEBTC,MATICBTC,DOTBTC,LTCBTC,SOLBTC,TRXBTC,UNIBTC,AVAXBTC,WBTCBTC,LINKBTC,ATOMBTC,ETCBTC,XMRBTC,XLMBTC,BCHBTC,ALGOBTC,FILBTC,NEARBTC,VETBTC,QNTBTC,APEBTC,FLOWBTC,HBARBTC,CHZBTC,ICPBTC,EGLDBTC,EOSBTC,XTZBTC,TWTBTC,THETABTC,SANDBTC,AAVEBTC,MANABTC,ZECBTC,AXSBTC,MKRBTC,IOTABTC,APTBTC,CAKEBTC,KLAYBTC,PAXGBTC,SNXBTC,NEOBTC,FTMBTC,DASHBTC,BNXBTC,GRTBTC,MINABTC,NEXOBTC,RUNEBTC,LDOBTC,CRVBTC,GMXBTC,BATBTC,LRCBTC from coin_table order by Timestamp desc limit 200) order by Timestamp
2022-11-24 11:02:11,446 - [line:57] - INFO: select * from (select Timestamp,ETHBTC,BNBBTC,XRPBTC,ADABTC,DOGEBTC,MATICBTC,DOTBTC,LTCBTC,SOLBTC,TRXBTC,UNIBTC,AVAXBTC,WBTCBTC,LINKBTC,ATOMBTC,ETCBTC,XMRBTC,XLMBTC,BCHBTC,ALGOBTC,FILBTC,NEARBTC,VETBTC,QNTBTC,APEBTC,FLOWBTC,HBARBTC,CHZBTC,ICPBTC,EGLDBTC,EOSBTC,XTZBTC,TWTBTC,THETABTC,SANDBTC,AAVEBTC,MANABTC,ZECBTC,AXSBTC,MKRBTC,IOTABTC,APTBTC,CAKEBTC,KLAYBTC,PAXGBTC,SNXBTC,NEOBTC,FTMBTC,DASHBTC,BNXBTC,GRTBTC,MINABTC,NEXOBTC,RUNEBTC,LDOBTC,CRVBTC,GMXBTC,BATBTC,LRCBTC from coin_table order by Timestamp desc limit 200) order by Timestamp
2022-11-24 11:02:20,975 - [line:57] - INFO: select * from (select Timestamp,ETHBTC,BNBBTC,XRPBTC,ADABTC,DOGEBTC,MATICBTC,DOTBTC,LTCBTC,SOLBTC,TRXBTC,UNIBTC,AVAXBTC,WBTCBTC,LINKBTC,ATOMBTC,ETCBTC,XMRBTC,XLMBTC,BCHBTC,ALGOBTC,FILBTC,NEARBTC,VETBTC,QNTBTC,APEBTC,FLOWBTC,HBARBTC,CHZBTC,ICPBTC,EGLDBTC,EOSBTC,XTZBTC,TWTBTC,THETABTC,SANDBTC,AAVEBTC,MANABTC,ZECBTC,AXSBTC,MKRBTC,IOTABTC,APTBTC,CAKEBTC,KLAYBTC,PAXGBTC,SNXBTC,NEOBTC,FTMBTC,DASHBTC,BNXBTC,GRTBTC,MINABTC,NEXOBTC,RUNEBTC,LDOBTC,CRVBTC,GMXBTC,BATBTC,LRCBTC from coin_table order by Timestamp desc limit 200) order by Timestamp
2022-11-24 11:02:21,986 - [line:57] - INFO: select * from (select Timestamp,ETHBTC,BNBBTC,XRPBTC,ADABTC,DOGEBTC,MATICBTC,DOTBTC,LTCBTC,SOLBTC,TRXBTC,UNIBTC,AVAXBTC,WBTCBTC,LINKBTC,ATOMBTC,ETCBTC,XMRBTC,XLMBTC,BCHBTC,ALGOBTC,FILBTC,NEARBTC,VETBTC,QNTBTC,APEBTC,FLOWBTC,HBARBTC,CHZBTC,ICPBTC,EGLDBTC,EOSBTC,XTZBTC,TWTBTC,THETABTC,SANDBTC,AAVEBTC,MANABTC,ZECBTC,AXSBTC,MKRBTC,IOTABTC,APTBTC,CAKEBTC,KLAYBTC,PAXGBTC,SNXBTC,NEOBTC,FTMBTC,DASHBTC,BNXBTC,GRTBTC,MINABTC,NEXOBTC,RUNEBTC,LDOBTC,CRVBTC,GMXBTC,BATBTC,LRCBTC from coin_table order by Timestamp desc limit 200) order by Timestamp
2022-11-24 11:02:30,982 - [line:57] - INFO: select * from (select Timestamp,ETHBTC,BNBBTC,XRPBTC,ADABTC,DOGEBTC,MATICBTC,DOTBTC,LTCBTC,SOLBTC,TRXBTC,UNIBTC,AVAXBTC,WBTCBTC,LINKBTC,ATOMBTC,ETCBTC,XMRBTC,XLMBTC,BCHBTC,ALGOBTC,FILBTC,NEARBTC,VETBTC,QNTBTC,APEBTC,FLOWBTC,HBARBTC,CHZBTC,ICPBTC,EGLDBTC,EOSBTC,XTZBTC,TWTBTC,THETABTC,SANDBTC,AAVEBTC,MANABTC,ZECBTC,AXSBTC,MKRBTC,IOTABTC,APTBTC,CAKEBTC,KLAYBTC,PAXGBTC,SNXBTC,NEOBTC,FTMBTC,DASHBTC,BNXBTC,GRTBTC,MINABTC,NEXOBTC,RUNEBTC,LDOBTC,CRVBTC,GMXBTC,BATBTC,LRCBTC from coin_table order by Timestamp desc limit 200) order by Timestamp
2022-11-24 11:02:31,989 - [line:57] - INFO: select * from (select Timestamp,ETHBTC,BNBBTC,XRPBTC,ADABTC,DOGEBTC,MATICBTC,DOTBTC,LTCBTC,SOLBTC,TRXBTC,UNIBTC,AVAXBTC,WBTCBTC,LINKBTC,ATOMBTC,ETCBTC,XMRBTC,XLMBTC,BCHBTC,ALGOBTC,FILBTC,NEARBTC,VETBTC,QNTBTC,APEBTC,FLOWBTC,HBARBTC,CHZBTC,ICPBTC,EGLDBTC,EOSBTC,XTZBTC,TWTBTC,THETABTC,SANDBTC,AAVEBTC,MANABTC,ZECBTC,AXSBTC,MKRBTC,IOTABTC,APTBTC,CAKEBTC,KLAYBTC,PAXGBTC,SNXBTC,NEOBTC,FTMBTC,DASHBTC,BNXBTC,GRTBTC,MINABTC,NEXOBTC,RUNEBTC,LDOBTC,CRVBTC,GMXBTC,BATBTC,LRCBTC from coin_table order by Timestamp desc limit 200) order by Timestamp
2022-11-24 11:02:40,973 - [line:57] - INFO: select * from (select Timestamp,ETHBTC,BNBBTC,XRPBTC,ADABTC,DOGEBTC,MATICBTC,DOTBTC,LTCBTC,SOLBTC,TRXBTC,UNIBTC,AVAXBTC,WBTCBTC,LINKBTC,ATOMBTC,ETCBTC,XMRBTC,XLMBTC,BCHBTC,ALGOBTC,FILBTC,NEARBTC,VETBTC,QNTBTC,APEBTC,FLOWBTC,HBARBTC,CHZBTC,ICPBTC,EGLDBTC,EOSBTC,XTZBTC,TWTBTC,THETABTC,SANDBTC,AAVEBTC,MANABTC,ZECBTC,AXSBTC,MKRBTC,IOTABTC,APTBTC,CAKEBTC,KLAYBTC,PAXGBTC,SNXBTC,NEOBTC,FTMBTC,DASHBTC,BNXBTC,GRTBTC,MINABTC,NEXOBTC,RUNEBTC,LDOBTC,CRVBTC,GMXBTC,BATBTC,LRCBTC from coin_table order by Timestamp desc limit 200) order by Timestamp
2022-11-24 11:02:42,973 - [line:57] - INFO: select * from (select Timestamp,ETHBTC,BNBBTC,XRPBTC,ADABTC,DOGEBTC,MATICBTC,DOTBTC,LTCBTC,SOLBTC,TRXBTC,UNIBTC,AVAXBTC,WBTCBTC,LINKBTC,ATOMBTC,ETCBTC,XMRBTC,XLMBTC,BCHBTC,ALGOBTC,FILBTC,NEARBTC,VETBTC,QNTBTC,APEBTC,FLOWBTC,HBARBTC,CHZBTC,ICPBTC,EGLDBTC,EOSBTC,XTZBTC,TWTBTC,THETABTC,SANDBTC,AAVEBTC,MANABTC,ZECBTC,AXSBTC,MKRBTC,IOTABTC,APTBTC,CAKEBTC,KLAYBTC,PAXGBTC,SNXBTC,NEOBTC,FTMBTC,DASHBTC,BNXBTC,GRTBTC,MINABTC,NEXOBTC,RUNEBTC,LDOBTC,CRVBTC,GMXBTC,BATBTC,LRCBTC from coin_table order by Timestamp desc limit 200) order by Timestamp
2022-11-24 11:02:50,985 - [line:57] - INFO: select * from (select Timestamp,ETHBTC,BNBBTC,XRPBTC,ADABTC,DOGEBTC,MATICBTC,DOTBTC,LTCBTC,SOLBTC,TRXBTC,UNIBTC,AVAXBTC,WBTCBTC,LINKBTC,ATOMBTC,ETCBTC,XMRBTC,XLMBTC,BCHBTC,ALGOBTC,FILBTC,NEARBTC,VETBTC,QNTBTC,APEBTC,FLOWBTC,HBARBTC,CHZBTC,ICPBTC,EGLDBTC,EOSBTC,XTZBTC,TWTBTC,THETABTC,SANDBTC,AAVEBTC,MANABTC,ZECBTC,AXSBTC,MKRBTC,IOTABTC,APTBTC,CAKEBTC,KLAYBTC,PAXGBTC,SNXBTC,NEOBTC,FTMBTC,DASHBTC,BNXBTC,GRTBTC,MINABTC,NEXOBTC,RUNEBTC,LDOBTC,CRVBTC,GMXBTC,BATBTC,LRCBTC from coin_table order by Timestamp desc limit 200) order by Timestamp
2022-11-24 11:02:52,969 - [line:57] - INFO: select * from (select Timestamp,ETHBTC,BNBBTC,XRPBTC,ADABTC,DOGEBTC,MATICBTC,DOTBTC,LTCBTC,SOLBTC,TRXBTC,UNIBTC,AVAXBTC,WBTCBTC,LINKBTC,ATOMBTC,ETCBTC,XMRBTC,XLMBTC,BCHBTC,ALGOBTC,FILBTC,NEARBTC,VETBTC,QNTBTC,APEBTC,FLOWBTC,HBARBTC,CHZBTC,ICPBTC,EGLDBTC,EOSBTC,XTZBTC,TWTBTC,THETABTC,SANDBTC,AAVEBTC,MANABTC,ZECBTC,AXSBTC,MKRBTC,IOTABTC,APTBTC,CAKEBTC,KLAYBTC,PAXGBTC,SNXBTC,NEOBTC,FTMBTC,DASHBTC,BNXBTC,GRTBTC,MINABTC,NEXOBTC,RUNEBTC,LDOBTC,CRVBTC,GMXBTC,BATBTC,LRCBTC from coin_table order by Timestamp desc limit 200) order by Timestamp
2022-11-24 11:03:00,977 - [line:57] - INFO: select * from (select Timestamp,ETHBTC,BNBBTC,XRPBTC,ADABTC,DOGEBTC,MATICBTC,DOTBTC,LTCBTC,SOLBTC,TRXBTC,UNIBTC,AVAXBTC,WBTCBTC,LINKBTC,ATOMBTC,ETCBTC,XMRBTC,XLMBTC,BCHBTC,ALGOBTC,FILBTC,NEARBTC,VETBTC,QNTBTC,APEBTC,FLOWBTC,HBARBTC,CHZBTC,ICPBTC,EGLDBTC,EOSBTC,XTZBTC,TWTBTC,THETABTC,SANDBTC,AAVEBTC,MANABTC,ZECBTC,AXSBTC,MKRBTC,IOTABTC,APTBTC,CAKEBTC,KLAYBTC,PAXGBTC,SNXBTC,NEOBTC,FTMBTC,DASHBTC,BNXBTC,GRTBTC,MINABTC,NEXOBTC,RUNEBTC,LDOBTC,CRVBTC,GMXBTC,BATBTC,LRCBTC from coin_table order by Timestamp desc limit 200) order by Timestamp
2022-11-24 11:03:02,981 - [line:57] - INFO: select * from (select Timestamp,ETHBTC,BNBBTC,XRPBTC,ADABTC,DOGEBTC,MATICBTC,DOTBTC,LTCBTC,SOLBTC,TRXBTC,UNIBTC,AVAXBTC,WBTCBTC,LINKBTC,ATOMBTC,ETCBTC,XMRBTC,XLMBTC,BCHBTC,ALGOBTC,FILBTC,NEARBTC,VETBTC,QNTBTC,APEBTC,FLOWBTC,HBARBTC,CHZBTC,ICPBTC,EGLDBTC,EOSBTC,XTZBTC,TWTBTC,THETABTC,SANDBTC,AAVEBTC,MANABTC,ZECBTC,AXSBTC,MKRBTC,IOTABTC,APTBTC,CAKEBTC,KLAYBTC,PAXGBTC,SNXBTC,NEOBTC,FTMBTC,DASHBTC,BNXBTC,GRTBTC,MINABTC,NEXOBTC,RUNEBTC,LDOBTC,CRVBTC,GMXBTC,BATBTC,LRCBTC from coin_table order by Timestamp desc limit 200) order by Timestamp
2022-11-24 11:03:10,978 - [line:57] - INFO: select * from (select Timestamp,ETHBTC,BNBBTC,XRPBTC,ADABTC,DOGEBTC,MATICBTC,DOTBTC,LTCBTC,SOLBTC,TRXBTC,UNIBTC,AVAXBTC,WBTCBTC,LINKBTC,ATOMBTC,ETCBTC,XMRBTC,XLMBTC,BCHBTC,ALGOBTC,FILBTC,NEARBTC,VETBTC,QNTBTC,APEBTC,FLOWBTC,HBARBTC,CHZBTC,ICPBTC,EGLDBTC,EOSBTC,XTZBTC,TWTBTC,THETABTC,SANDBTC,AAVEBTC,MANABTC,ZECBTC,AXSBTC,MKRBTC,IOTABTC,APTBTC,CAKEBTC,KLAYBTC,PAXGBTC,SNXBTC,NEOBTC,FTMBTC,DASHBTC,BNXBTC,GRTBTC,MINABTC,NEXOBTC,RUNEBTC,LDOBTC,CRVBTC,GMXBTC,BATBTC,LRCBTC from coin_table order by Timestamp desc limit 200) order by Timestamp
2022-11-24 11:03:12,974 - [line:57] - INFO: select * from (select Timestamp,ETHBTC,BNBBTC,XRPBTC,ADABTC,DOGEBTC,MATICBTC,DOTBTC,LTCBTC,SOLBTC,TRXBTC,UNIBTC,AVAXBTC,WBTCBTC,LINKBTC,ATOMBTC,ETCBTC,XMRBTC,XLMBTC,BCHBTC,ALGOBTC,FILBTC,NEARBTC,VETBTC,QNTBTC,APEBTC,FLOWBTC,HBARBTC,CHZBTC,ICPBTC,EGLDBTC,EOSBTC,XTZBTC,TWTBTC,THETABTC,SANDBTC,AAVEBTC,MANABTC,ZECBTC,AXSBTC,MKRBTC,IOTABTC,APTBTC,CAKEBTC,KLAYBTC,PAXGBTC,SNXBTC,NEOBTC,FTMBTC,DASHBTC,BNXBTC,GRTBTC,MINABTC,NEXOBTC,RUNEBTC,LDOBTC,CRVBTC,GMXBTC,BATBTC,LRCBTC from coin_table order by Timestamp desc limit 200) order by Timestamp
2022-11-24 11:03:22,970 - [line:57] - INFO: select * from (select Timestamp,ETHBTC,BNBBTC,XRPBTC,ADABTC,DOGEBTC,MATICBTC,DOTBTC,LTCBTC,SOLBTC,TRXBTC,UNIBTC,AVAXBTC,WBTCBTC,LINKBTC,ATOMBTC,ETCBTC,XMRBTC,XLMBTC,BCHBTC,ALGOBTC,FILBTC,NEARBTC,VETBTC,QNTBTC,APEBTC,FLOWBTC,HBARBTC,CHZBTC,ICPBTC,EGLDBTC,EOSBTC,XTZBTC,TWTBTC,THETABTC,SANDBTC,AAVEBTC,MANABTC,ZECBTC,AXSBTC,MKRBTC,IOTABTC,APTBTC,CAKEBTC,KLAYBTC,PAXGBTC,SNXBTC,NEOBTC,FTMBTC,DASHBTC,BNXBTC,GRTBTC,MINABTC,NEXOBTC,RUNEBTC,LDOBTC,CRVBTC,GMXBTC,BATBTC,LRCBTC from coin_table order by Timestamp desc limit 200) order by Timestamp
2022-11-24 11:03:32,971 - [line:57] - INFO: select * from (select Timestamp,ETHBTC,BNBBTC,XRPBTC,ADABTC,DOGEBTC,MATICBTC,DOTBTC,LTCBTC,SOLBTC,TRXBTC,UNIBTC,AVAXBTC,WBTCBTC,LINKBTC,ATOMBTC,ETCBTC,XMRBTC,XLMBTC,BCHBTC,ALGOBTC,FILBTC,NEARBTC,VETBTC,QNTBTC,APEBTC,FLOWBTC,HBARBTC,CHZBTC,ICPBTC,EGLDBTC,EOSBTC,XTZBTC,TWTBTC,THETABTC,SANDBTC,AAVEBTC,MANABTC,ZECBTC,AXSBTC,MKRBTC,IOTABTC,APTBTC,CAKEBTC,KLAYBTC,PAXGBTC,SNXBTC,NEOBTC,FTMBTC,DASHBTC,BNXBTC,GRTBTC,MINABTC,NEXOBTC,RUNEBTC,LDOBTC,CRVBTC,GMXBTC,BATBTC,LRCBTC from coin_table order by Timestamp desc limit 200) order by Timestamp
2022-11-24 11:13:05,202 - [line:57] - INFO: select * from (select Timestamp,ETHBTC,BNBBTC,XRPBTC,ADABTC,DOGEBTC,MATICBTC,DOTBTC,LTCBTC,SOLBTC,TRXBTC,UNIBTC,AVAXBTC,WBTCBTC,LINKBTC,ATOMBTC,ETCBTC,XMRBTC,XLMBTC,BCHBTC,ALGOBTC,FILBTC,NEARBTC,VETBTC,QNTBTC,APEBTC,FLOWBTC,HBARBTC,CHZBTC,ICPBTC,EGLDBTC,EOSBTC,XTZBTC,TWTBTC,THETABTC,SANDBTC,AAVEBTC,MANABTC,ZECBTC,AXSBTC,MKRBTC,IOTABTC,APTBTC,CAKEBTC,KLAYBTC,PAXGBTC,SNXBTC,NEOBTC,FTMBTC,DASHBTC,BNXBTC,GRTBTC,MINABTC,NEXOBTC,RUNEBTC,LDOBTC,CRVBTC,GMXBTC,BATBTC,LRCBTC from coin_table order by Timestamp desc limit 200) order by Timestamp
2022-11-24 11:13:13,187 - [line:57] - INFO: select * from (select Timestamp,ARBTC,ZILBTC,STXBTC,CVXBTC,IMXBTC,XEMBTC,ENJBTC,DCRBTC,KAVABTC,OSMOBTC,COMPBTC,RVNBTC,ENSBTC,ROSEBTC,BALBTC,CELOBTC,TFUELBTC,WAVESBTC,GMTBTC,IOTXBTC,ANKRBTC,YFIBTC,QTUMBTC,KSMBTC,GLMBTC,OPBTC,JSTBTC,ONEBTC,KDABTC,LPTBTC,GALABTC,ZRXBTC,HIVEBTC,OMGBTC,IOSTBTC,ONTBTC,GLMRBTC,ICXBTC,ASTRBTC,AMPBTC,SUSHIBTC,XNOBTC,WAXPBTC,AUDIOBTC,STORJBTC,WOOBTC,DYDXBTC,FLUXBTC,ZENBTC,INJBTC,SXPBTC,PEOPLEBTC,DGBBTC,RNDRBTC,UMABTC,KNCBTC,SCRTBTC,SSVBTC,SKLBTC from coin_table order by Timestamp desc limit 200) order by Timestamp
2022-11-24 11:13:13,763 - [line:57] - INFO: select * from (select Timestamp,LSKBTC,PLABTC,CVCBTC,RLCBTC,REQBTC,CELRBTC,BTCSTBTC,SNTBTC,ONGBTC,API3BTC,PYRBTC,COTIBTC,MDXBTC,SYSBTC,ANTBTC,SRMBTC,OCEANBTC,HFTBTC,RENBTC,POWRBTC,ARDRBTC,ACABTC,STEEMBTC,BNTBTC,FXSBTC,PROMBTC,STRAXBTC,ILVBTC,CTSIBTC,LOOMBTC,BICOBTC,CTKBTC,STPTBTC,NMRBTC,ELFBTC,CHRBTC,PHABTC,REPBTC,POLYXBTC,WRXBTC,BANDBTC,CFXBTC,STGBTC,QKCBTC,NKNBTC,OXTBTC,RADBTC,JOEBTC,STMXBTC,SFPBTC,C98BTC,GALBTC,OGNBTC,MTLBTC,DODOBTC,AGIXBTC,ACHBTC,LAZIOBTC,XVSBTC from coin_table order by Timestamp desc limit 200) order by Timestamp
2022-11-24 11:13:14,552 - [line:57] - INFO: select * from (select Timestamp,BETABTC,YFIIBTC,MOVRBTC,AERGOBTC,FETBTC,MOBBTC,UTKBTC,FORTHBTC,ARKBTC,PONDBTC,MLNBTC,TLMBTC,ALPHABTC,SUPERBTC,MBOXBTC,PERPBTC,ALICEBTC,BONDBTC,DUSKBTC,VIDTBTC,BAKEBTC,RIFBTC,POLSBTC,SNMBTC,ARPABTC,SANTOSBTC,BADGERBTC,ALPACABTC,IDEXBTC,PORTOBTC,NEBLBTC,AVABTC,ORNBTC,LTOBTC,ALPINEBTC,AUCTIONBTC,QIBTC,TOMOBTC,DIABTC,LITBTC,WANBTC,DARBTC,ALCXBTC,CLVBTC,TKOBTC,LINABTC,YGGBTC,KMDBTC,TRBBTC,FLMBTC,BTSBTC,GTCBTC,PHBBTC,TVKBTC,UNFIBTC,NULSBTC,HARDBTC,FIDABTC,GASBTC from coin_table order by Timestamp desc limit 200) order by Timestamp
2022-11-24 11:13:15,116 - [line:57] - INFO: select * from (select Timestamp,PSGBTC,BLZBTC,BELBTC,TRUBTC,DATABTC,FARMBTC,FIOBTC,FIROBTC,IRISBTC,BARBTC,COSBTC,CHESSBTC,JASMYBTC,ANCBTC,ATABTC,WINGBTC,MCBTC,CITYBTC,AGLDBTC,ADXBTC,OMBTC,VOXELBTC,CTXCBTC,WTCBTC,FRONTBTC,FISBTC,QUICKBTC,AMBBTC,ASTBTC,BEAMBTC,PIVXBTC,MDTBTC,VITEBTC,MITHBTC,AIONBTC,HIGHBTC,VIBBTC,DOCKBTC,DEGOBTC,RAREBTC,GTOBTC,AUTOBTC,DREPBTC,PNTBTC,OAXBTC,JUVBTC,MIRBTC,ACMBTC,PERLBTC,FORBTC,WABIBTC,LOKABTC,ATMBTC,QLCBTC,TORNBTC,ASRBTC,OGBTC from coin_table order by Timestamp desc limit 200) order by Timestamp
2022-11-24 11:16:49,885 - [line:57] - INFO: select * from (select Timestamp,ETHBTC,BNBBTC,XRPBTC,ADABTC,DOGEBTC,MATICBTC,DOTBTC,LTCBTC,SOLBTC,TRXBTC,UNIBTC,AVAXBTC,WBTCBTC,LINKBTC,ATOMBTC,ETCBTC,XMRBTC,XLMBTC,BCHBTC,ALGOBTC,FILBTC,NEARBTC,VETBTC,QNTBTC,APEBTC,FLOWBTC,HBARBTC,CHZBTC,ICPBTC,EGLDBTC,EOSBTC,XTZBTC,TWTBTC,THETABTC,SANDBTC,AAVEBTC,MANABTC,ZECBTC,AXSBTC,MKRBTC,IOTABTC,APTBTC,CAKEBTC,KLAYBTC,PAXGBTC,SNXBTC,NEOBTC,FTMBTC,DASHBTC,BNXBTC,GRTBTC,MINABTC,NEXOBTC,RUNEBTC,LDOBTC,CRVBTC,GMXBTC,BATBTC,LRCBTC from coin_table order by Timestamp desc limit 200) order by Timestamp
2022-11-24 11:16:54,201 - [line:57] - INFO: select * from (select Timestamp,ARBTC,ZILBTC,STXBTC,CVXBTC,IMXBTC,XEMBTC,ENJBTC,DCRBTC,KAVABTC,OSMOBTC,COMPBTC,RVNBTC,ENSBTC,ROSEBTC,BALBTC,CELOBTC,TFUELBTC,WAVESBTC,GMTBTC,IOTXBTC,ANKRBTC,YFIBTC,QTUMBTC,KSMBTC,GLMBTC,OPBTC,JSTBTC,ONEBTC,LPTBTC,KDABTC,GALABTC,ZRXBTC,HIVEBTC,OMGBTC,IOSTBTC,ONTBTC,GLMRBTC,ICXBTC,ASTRBTC,AMPBTC,SUSHIBTC,WAXPBTC,XNOBTC,AUDIOBTC,STORJBTC,WOOBTC,DYDXBTC,FLUXBTC,ZENBTC,INJBTC,SXPBTC,PEOPLEBTC,DGBBTC,RNDRBTC,UMABTC,KNCBTC,SCRTBTC,SSVBTC,SKLBTC from coin_table order by Timestamp desc limit 200) order by Timestamp
2022-11-24 11:16:54,784 - [line:57] - INFO: select * from (select Timestamp,ALICEBTC,AXSBTC,MANABTC,SANDBTC,TVKBTC,ILVBTC,DARBTC,PYRBTC,HIGHBTC from coin_table order by Timestamp desc limit 200) order by Timestamp
2022-11-24 11:16:55,434 - [line:57] - INFO: select * from (select Timestamp,LSKBTC,PLABTC,CVCBTC,RLCBTC,REQBTC,CELRBTC,BTCSTBTC,SNTBTC,ONGBTC,API3BTC,PYRBTC,COTIBTC,MDXBTC,SYSBTC,ANTBTC,OCEANBTC,HFTBTC,RENBTC,SRMBTC,POWRBTC,ARDRBTC,ACABTC,STEEMBTC,BNTBTC,FXSBTC,PROMBTC,STRAXBTC,ILVBTC,CTSIBTC,LOOMBTC,BICOBTC,STPTBTC,CTKBTC,NMRBTC,ELFBTC,CHRBTC,POLYXBTC,PHABTC,REPBTC,WRXBTC,BANDBTC,CFXBTC,STGBTC,QKCBTC,NKNBTC,OXTBTC,RADBTC,JOEBTC,STMXBTC,SFPBTC,GALBTC,C98BTC,OGNBTC,MTLBTC,DODOBTC,AGIXBTC,ACHBTC,LAZIOBTC,XVSBTC from coin_table order by Timestamp desc limit 200) order by Timestamp
2022-11-24 11:16:56,222 - [line:57] - INFO: select * from (select Timestamp,GLMBTC,GALBTC,LDOBTC,OPBTC,STGBTC,GMXBTC,APTBTC,OSMOBTC,HFTBTC from coin_table order by Timestamp desc limit 200) order by Timestamp
2022-11-24 11:37:24,013 - [line:57] - INFO: select * from (select Timestamp,ETHBTC,BNBBTC,XRPBTC,ADABTC,DOGEBTC,MATICBTC,DOTBTC,LTCBTC,SOLBTC,TRXBTC,UNIBTC,AVAXBTC,WBTCBTC,LINKBTC,ATOMBTC,ETCBTC,XMRBTC,XLMBTC,BCHBTC,ALGOBTC,FILBTC,NEARBTC,VETBTC,QNTBTC,APEBTC,FLOWBTC,HBARBTC,CHZBTC,ICPBTC,EGLDBTC,EOSBTC,XTZBTC,TWTBTC,THETABTC,SANDBTC,AAVEBTC,MANABTC,ZECBTC,AXSBTC,MKRBTC,IOTABTC,CAKEBTC,APTBTC,KLAYBTC,PAXGBTC,SNXBTC,NEOBTC,FTMBTC,DASHBTC,BNXBTC,GRTBTC,MINABTC,NEXOBTC,RUNEBTC,LDOBTC,GMXBTC,CRVBTC,BATBTC,LRCBTC from coin_table order by Timestamp desc limit 200) order by Timestamp
2022-11-24 12:40:10,199 - [line:57] - INFO: select * from (select Timestamp,ETHBTC,BNBBTC,XRPBTC,ADABTC,DOGEBTC,MATICBTC,DOTBTC,LTCBTC,SOLBTC,TRXBTC,UNIBTC,AVAXBTC,WBTCBTC,LINKBTC,ATOMBTC,ETCBTC,XMRBTC,XLMBTC,BCHBTC,ALGOBTC,FILBTC,NEARBTC,VETBTC,QNTBTC,FLOWBTC,APEBTC,HBARBTC,CHZBTC,ICPBTC,EGLDBTC,EOSBTC,XTZBTC,TWTBTC,THETABTC,SANDBTC,AAVEBTC,MANABTC,ZECBTC,AXSBTC,MKRBTC,IOTABTC,CAKEBTC,KLAYBTC,APTBTC,PAXGBTC,SNXBTC,NEOBTC,FTMBTC,DASHBTC,BNXBTC,GRTBTC,MINABTC,NEXOBTC,RUNEBTC,LDOBTC,GMXBTC,CRVBTC,BATBTC,ARBTC from coin_table order by Timestamp desc limit 200) order by Timestamp
2022-11-24 12:40:41,325 - [line:57] - INFO: select * from (select Timestamp,ETHBTC,BNBBTC,XRPBTC,ADABTC,DOGEBTC,MATICBTC,DOTBTC,LTCBTC,SOLBTC,TRXBTC,UNIBTC,AVAXBTC,WBTCBTC,LINKBTC,ATOMBTC,ETCBTC,XMRBTC,XLMBTC,BCHBTC,ALGOBTC,FILBTC,NEARBTC,VETBTC,QNTBTC,FLOWBTC,APEBTC,HBARBTC,CHZBTC,ICPBTC,EGLDBTC,EOSBTC,XTZBTC,TWTBTC,THETABTC,SANDBTC,AAVEBTC,MANABTC,ZECBTC,AXSBTC,MKRBTC,IOTABTC,CAKEBTC,KLAYBTC,APTBTC,PAXGBTC,SNXBTC,NEOBTC,FTMBTC,DASHBTC,BNXBTC,GRTBTC,MINABTC,NEXOBTC,RUNEBTC,LDOBTC,GMXBTC,CRVBTC,BATBTC,ARBTC from coin_table order by Timestamp desc limit 200) order by Timestamp
2022-11-24 12:40:46,069 - [line:57] - INFO: select * from (select Timestamp,BNBBTC,NULSBTC,NEOBTC,WTCBTC,QTUMBTC,OMGBTC,ADABTC,AERGOBTC,AIONBTC,ALGOBTC,AMBBTC,ANKRBTC,ARDRBTC,ARKBTC,ATOMBTC,AVAXBTC,BANDBTC,BTSBTC,CLVBTC,CTKBTC,CTSIBTC,DASHBTC,DCRBTC,DIABTC,DOTBTC,DREPBTC,EGLDBTC,ELFBTC,EOSBTC,FETBTC,FIOBTC,FTMBTC,HBARBTC,HIVEBTC,ICXBTC,INJBTC,IOSTBTC,IOTXBTC,IRISBTC,KAVABTC,LPTBTC,LSKBTC,LTOBTC,MATICBTC,MINABTC,NEARBTC,ONEBTC,ONTBTC,PIVXBTC,QKCBTC,QLCBTC,RENBTC,SCRTBTC,SOLBTC,STEEMBTC,STRAXBTC,SYSBTC,THETABTC,TOMOBTC,TRBBTC,TRXBTC,VETBTC,VITEBTC,WABIBTC,WANBTC,WAVESBTC,XEMBTC,XTZBTC,ANTBTC,KSMBTC from coin_table order by Timestamp desc limit 200) order by Timestamp
2022-11-24 12:40:48,359 - [line:57] - INFO: select * from (select Timestamp,NULSBTC,NEOBTC,ETCBTC,WTCBTC,QTUMBTC,LTCBTC,ETHBTC,OMGBTC,ADABTC,AIONBTC,ALGOBTC,AMBBTC,ANKRBTC,ARDRBTC,ARKBTC,ATOMBTC,BCHBTC,BEAMBTC,BTSBTC,CTSIBTC,CTXCBTC,DASHBTC,DCRBTC,DIABTC,DOGEBTC,DOTBTC,DREPBTC,EGLDBTC,ELFBTC,EOSBTC,FIOBTC,FTMBTC,GTOBTC,HIVEBTC,IOTXBTC,IRISBTC,KAVABTC,KMDBTC,LSKBTC,NKNBTC,ONEBTC,ONTBTC,PIVXBTC,QKCBTC,QLCBTC,RENBTC,RVNBTC,SOLBTC,STEEMBTC,STXBTC,SYSBTC,THETABTC,TOMOBTC,TRBBTC,TRXBTC,VETBTC,VITEBTC,WABIBTC,WANBTC,WAVESBTC,XEMBTC,XLMBTC,XMRBTC,XRPBTC,XTZBTC,ZECBTC,ZENBTC,DGBBTC,ANTBTC,KSMBTC from coin_table order by Timestamp desc limit 200) order by Timestamp
2022-11-24 12:40:51,128 - [line:57] - INFO: select * from (select Timestamp,LINKBTC,BANDBTC,BATBTC,CVCBTC,DATABTC,GRTBTC,GTCBTC,MDTBTC,OCEANBTC,OXTBTC,RLCBTC,ANTBTC,RADBTC,ENSBTC,RNDRBTC,BICOBTC,FLUXBTC,API3BTC,GALBTC from coin_table order by Timestamp desc limit 200) order by Timestamp
2022-11-24 12:40:52,872 - [line:57] - INFO: select * from (select Timestamp,ATABTC,DOTBTC,LITBTC,PHABTC,KSMBTC,GLMRBTC,ACABTC,ASTRBTC from coin_table order by Timestamp desc limit 200) order by Timestamp
2022-11-24 12:40:54,125 - [line:57] - INFO: select * from (select Timestamp,SNMBTC,ARBTC,BLZBTC,FILBTC,GLMBTC,RIFBTC,STORJBTC,STXBTC,PROMBTC from coin_table order by Timestamp desc limit 200) order by Timestamp
